<?xml version="1.0" encoding="UTF-8"?>
<persistence version="2.0" xmlns="http://java.sun.com/xml/ns/persistence"
   xmlns:xsi="http://www.w3.org/2001/XMLSchema-instance"
   xsi:schemaLocation="http://java.sun.com/xml/ns/persistence http://java.sun.com/xml/ns/persistence/persistence_2_0.xsd">
   <!-- Two phase commit using two different JPA providers -->
   <persistence-unit name="a">
      <provider>org.hibernate.ejb.HibernatePersistence</provider>
      <jta-data-source>jdbc/a</jta-data-source>
      <class>com.acme.jpa.Game</class>
      <exclude-unlisted-classes>true</exclude-unlisted-classes>
      <properties>
         <property name="eclipselink.ddl-generation" value="drop-and-create-tables"/>
         <property name="eclipselink.logging.level" value="FINE"/>
         <property name="hibernate.hbm2ddl.auto" value="create-drop"/>
         <property name="hibernate.show_sql" value="true"/>
      </properties>
   </persistence-unit>
   <persistence-unit name="b">
      <!--
      <provider>org.hibernate.ejb.HibernatePersistence</provider>
      -->
      <jta-data-source>jdbc/b</jta-data-source>
      <class>com.acme.jpa.Invoice</class>
      <exclude-unlisted-classes>true</exclude-unlisted-classes>
      <properties>
         <property name="eclipselink.ddl-generation" value="drop-and-create-tables"/>
         <property name="eclipselink.logging.level" value="FINE"/>
         <property name="hibernate.hbm2ddl.auto" value="create-drop"/>
         <property name="hibernate.show_sql" value="true"/>
      </properties>
   </persistence-unit>
</persistence>
