<?xml version="1.0" encoding="UTF-8"?>
<persistence version="2.0" xmlns="http://java.sun.com/xml/ns/persistence"
   xmlns:xsi="http://www.w3.org/2001/XMLSchema-instance"
   xsi:schemaLocation="http://java.sun.com/xml/ns/persistence http://java.sun.com/xml/ns/persistence/persistence_2_0.xsd">
   <persistence-unit name="test">
      <provider>org.hibernate.ejb.HibernatePersistence</provider>
      <jta-data-source>testDatabase</jta-data-source>
      <!-- why is scanning not working w/ Hibernate EM 4? -->
      <class>com.acme.jpa.model.Game</class>
      <class>com.acme.jpa.model.LineItem</class>
      <class>com.acme.jpa.model.Record</class>
      <properties>
         <property name="hibernate.hbm2ddl.auto" value="create-drop"/>
         <property name="hibernate.show_sql" value="true"/>
      </properties>
   </persistence-unit>
</persistence>
